#
# A fatal error has been detected by the Java Runtime Environment:
#
#  SIGBUS (0x7) at pc=0x00007f143c0039ba, pid=6627, tid=139724884707072
#
# JRE version: Java(TM) SE Runtime Environment (7.0_80-b15) (build 1.7.0_80-b15)
# Java VM: Java HotSpot(TM) 64-Bit Server VM (24.80-b11 mixed mode linux-amd64 compressed oops)
# Problematic frame:
# C  [ld-linux-x86-64.so.2+0x1a9ba]  realloc+0x2c0a
#
# Failed to write core dump. Core dumps have been disabled. To enable core dumping, try "ulimit -c unlimited" before starting Java again
#
# If you would like to submit a bug report, please visit:
#   http://bugreport.java.com/bugreport/crash.jsp
# The crash happened outside the Java Virtual Machine in native code.
# See problematic frame for where to report the bug.
#

---------------  T H R E A D  ---------------

Current thread (0x00007f143400a800):  JavaThread "main" [_thread_in_native, id=6642, stack(0x00007f143c0e8000,0x00007f143c1e9000)]

siginfo:si_signo=SIGBUS: si_errno=0, si_code=2 (BUS_ADRERR), si_addr=0x00007f13fddec088

Registers:
RAX=0x0000000000000000, RBX=0x00007f143c1e4438, RCX=0x0000000000000f78, RDX=0x00007f13fddec088
RSP=0x00007f143c1e43c8, RBP=0x00007f143c1e4620, RSI=0x0000000000000000, RDI=0x00007f13fddec088
R8 =0x00007f13fddec088, R9 =0x0000000000072000, R10=0x0000000000000812, R11=0x0000000000000206
R12=0x00007f1434364e90, R13=0x00007f143c1e46f0, R14=0x0000000000000002, R15=0x00007f13fdded000
RIP=0x00007f143c0039ba, EFLAGS=0x0000000000010216, CSGSFS=0x0000000000000033, ERR=0x0000000000000006
  TRAPNO=0x000000000000000e

Top of Stack: (sp=0x00007f143c1e43c8)
0x00007f143c1e43c8:   00007f143bfefbf9 00007f140000007c
0x00007f143c1e43d8:   000000077ae05bb8 000000077b370748
0x00007f143c1e43e8:   000000077b370798 0000000000001fa2
0x00007f143c1e43f8:   00007f1434000020 000000000001b180
0x00007f143c1e4408:   0000000000000000 0000000000072000
0x00007f143c1e4418:   0000000000071ca4 0000000000071ca4
0x00007f143c1e4428:   0000000000000000 0000000000000005
0x00007f143c1e4438:   0000000000272000 0000000000275000
0x00007f143c1e4448:   0000000000274088 00000000002767f8
0x00007f143c1e4458:   0000000000072000 00007f1400000003
0x00007f143c1e4468:   00007f143435fc40 000000000000003d
0x00007f143c1e4478:   00007f143435fa60 0000000231010360
0x00007f143c1e4488:   000000000000003d 00007f143400a800
0x00007f143c1e4498:   0000000000000002 00007f143c1e4620
0x00007f143c1e44a8:   0000000000000000 0000000000000000
0x00007f143c1e44b8:   0000000000000022 0000000000000000
0x00007f143c1e44c8:   00007f143bfef784 00007f143400a800
0x00007f143c1e44d8:   00007f1434007af0 00007f13dc060100
0x00007f143c1e44e8:   00007f13dc060900 00007f13dc0680e8
0x00007f143c1e44f8:   000000000000003d 00007f143c1e5fb0
0x00007f143c1e4508:   00007f13fddee7f8 00007f143c1e44d0
0x00007f143c1e4518:   00007f143435fc40 00007f143c1e46a8
0x00007f143c1e4528:   00007f143435fa60 00007f143c20d1a0
0x00007f143c1e4538:   00000022000301c0 00000000002767f8
0x00007f143c1e4548:   00007f13fddec088 0000000000000006
0x00007f143c1e4558:   00007f143c1e4408 0000000000000806
0x00007f143c1e4568:   000000000038538f 0000000000000001
0x00007f143c1e4578:   000003e8000081b4 00000000000003e8
0x00007f143c1e4588:   0000000000000000 000000000005c000
0x00007f143c1e4598:   0000000000001000 00000000000002e0
0x00007f143c1e45a8:   0000000056d16796 0000000020c5d593
0x00007f143c1e45b8:   0000000056d16796 0000000020c5d593 

Instructions: (pc=0x00007f143c0039ba)
0x00007f143c00399a:   e9 fd fe ff ff 90 e8 1b 06 00 00 48 8b 44 24 08
0x00007f143c0039aa:   eb 97 0f 1f 40 00 48 89 d1 40 0f b6 c6 48 89 fa
0x00007f143c0039ba:   f3 aa 48 89 d0 c3 48 83 fa 20 73 7a f6 c2 01 74
0x00007f143c0039ca:   0b 0f b6 0e 88 0f 48 ff c6 48 ff c7 f6 c2 02 74 

Register to memory mapping:

RAX=0x0000000000000000 is an unknown value
RBX=0x00007f143c1e4438 is pointing into the stack for thread: 0x00007f143400a800
RCX=0x0000000000000f78 is an unknown value
RDX=0x00007f13fddec088 is an unknown value
RSP=0x00007f143c1e43c8 is pointing into the stack for thread: 0x00007f143400a800
RBP=0x00007f143c1e4620 is pointing into the stack for thread: 0x00007f143400a800
RSI=0x0000000000000000 is an unknown value
RDI=0x00007f13fddec088 is an unknown value
R8 =0x00007f13fddec088 is an unknown value
R9 =0x0000000000072000 is an unknown value
R10=0x0000000000000812 is an unknown value
R11=0x0000000000000206 is an unknown value
R12=0x00007f1434364e90 is an unknown value
R13=0x00007f143c1e46f0 is pointing into the stack for thread: 0x00007f143400a800
R14=0x0000000000000002 is an unknown value
R15=0x00007f13fdded000 is an unknown value


Stack: [0x00007f143c0e8000,0x00007f143c1e9000],  sp=0x00007f143c1e43c8,  free space=1008k
Native frames: (J=compiled Java code, j=interpreted, Vv=VM code, C=native code)
C  [ld-linux-x86-64.so.2+0x1a9ba]  realloc+0x2c0a

Java frames: (J=compiled Java code, j=interpreted, Vv=VM code)
j  java.lang.ClassLoader$NativeLibrary.load(Ljava/lang/String;)V+0
j  java.lang.ClassLoader.loadLibrary1(Ljava/lang/Class;Ljava/io/File;)Z+302
j  java.lang.ClassLoader.loadLibrary0(Ljava/lang/Class;Ljava/io/File;)Z+2
j  java.lang.ClassLoader.loadLibrary(Ljava/lang/Class;Ljava/lang/String;Z)V+48
j  java.lang.Runtime.load0(Ljava/lang/Class;Ljava/lang/String;)V+57
j  java.lang.System.load(Ljava/lang/String;)V+7
j  org.eclipse.swt.internal.Library.load(Ljava/lang/String;Ljava/lang/StringBuffer;)Z+12
j  org.eclipse.swt.internal.Library.loadLibrary(Ljava/lang/String;Z)V+380
j  org.eclipse.swt.internal.Library.loadLibrary(Ljava/lang/String;)V+2
j  org.eclipse.swt.internal.gtk.OS.<clinit>()V+107
v  ~StubRoutines::call_stub
j  org.eclipse.swt.internal.Converter.wcsToMbcs(Ljava/lang/String;[CZ)[B+17
j  org.eclipse.swt.internal.Converter.wcsToMbcs(Ljava/lang/String;Ljava/lang/String;Z)[B+23
j  org.eclipse.swt.widgets.Display.<clinit>()V+17
v  ~StubRoutines::call_stub
j  com.syntevo.q.gui.cB.a(Ljava/lang/String;Ljava/lang/String;)Lorg/eclipse/swt/widgets/Display;+87
j  smartgit.adI.a(Lsmartgit/adA;Ljava/lang/String;ZZLsmartgit/JU;)Lorg/eclipse/swt/widgets/Display;+129
j  smartgit.avS.a(Lsmartgit/adA;Lsmartgit/gK;Lsmartgit/axt;Ljava/lang/Boolean;Lsmartgit/XO;)V+109
j  smartgit.avS.a(Ljoptsimple/OptionSet;)V+461
j  smartgit.aeg.b()V+60
j  SmartGit.main([Ljava/lang/String;)V+8
v  ~StubRoutines::call_stub
j  sun.reflect.NativeMethodAccessorImpl.invoke0(Ljava/lang/reflect/Method;Ljava/lang/Object;[Ljava/lang/Object;)Ljava/lang/Object;+0
j  sun.reflect.NativeMethodAccessorImpl.invoke(Ljava/lang/Object;[Ljava/lang/Object;)Ljava/lang/Object;+87
j  sun.reflect.DelegatingMethodAccessorImpl.invoke(Ljava/lang/Object;[Ljava/lang/Object;)Ljava/lang/Object;+6
j  java.lang.reflect.Method.invoke(Ljava/lang/Object;[Ljava/lang/Object;)Ljava/lang/Object;+57
j  QBootLoader.main([Ljava/lang/String;)V+718
v  ~StubRoutines::call_stub

---------------  P R O C E S S  ---------------

Java Threads: ( => current thread )
  0x00007f143435e800 JavaThread "process reaper" daemon [_thread_in_vm, id=7381, stack(0x00007f13fe076000,0x00007f13fe0af000)]
  0x00007f1434134000 JavaThread "Service Thread" daemon [_thread_blocked, id=6939, stack(0x00007f13fe868000,0x00007f13fe969000)]
  0x00007f1434131800 JavaThread "C2 CompilerThread1" daemon [_thread_blocked, id=6938, stack(0x00007f13fe969000,0x00007f13fea6a000)]
  0x00007f143412f000 JavaThread "C2 CompilerThread0" daemon [_thread_blocked, id=6937, stack(0x00007f13fea6a000,0x00007f13feb6b000)]
  0x00007f143412c800 JavaThread "Signal Dispatcher" daemon [_thread_blocked, id=6936, stack(0x00007f13feb6b000,0x00007f13fec6c000)]
  0x00007f143412a800 JavaThread "Surrogate Locker Thread (Concurrent GC)" daemon [_thread_blocked, id=6935, stack(0x00007f13fec6c000,0x00007f13fed6d000)]
  0x00007f1434107000 JavaThread "Finalizer" daemon [_thread_blocked, id=6882, stack(0x00007f13ff8aa000,0x00007f13ff9ab000)]
  0x00007f1434105000 JavaThread "Reference Handler" daemon [_thread_blocked, id=6870, stack(0x00007f13ff9ab000,0x00007f13ffaac000)]
=>0x00007f143400a800 JavaThread "main" [_thread_in_native, id=6642, stack(0x00007f143c0e8000,0x00007f143c1e9000)]

Other Threads:
  0x00007f1434100800 VMThread [stack: 0x00007f13ffaac000,0x00007f13ffbad000] [id=6857]
  0x00007f143413f000 WatcherThread [stack: 0x00007f13fe767000,0x00007f13fe868000] [id=6940]

VM state:not at safepoint (normal execution)

VM Mutex/Monitor currently owned by a thread: None

Heap
 garbage-first heap   total 60416K, used 5120K [0x000000077ae00000, 0x000000077e900000, 0x00000007fae00000)
  region size 1024K, 6 young (6144K), 0 survivors (0K)
 compacting perm gen  total 20480K, used 6786K [0x00000007fae00000, 0x00000007fc200000, 0x0000000800000000)
   the space 20480K,  33% used [0x00000007fae00000, 0x00000007fb4a0860, 0x00000007fb4a0a00, 0x00000007fc200000)
No shared spaces configured.

Heap Regions: (Y=young(eden), SU=young(survivor), HS=humongous(starts), HC=humongous(continues), CS=collection set, F=free, TS=gc time stamp, PTAMS=previous top-at-mark-start, NTAMS=next top-at-mark-start)
    CS Y    TS     0 PTAMS 0x000000077ae00000 NTAMS 0x000000077ae00000 space 1024K, 100% used [0x000000077ae00000, 0x000000077af00000, 0x000000077af00000)
    CS Y    TS     0 PTAMS 0x000000077af00000 NTAMS 0x000000077af00000 space 1024K, 100% used [0x000000077af00000, 0x000000077b000000, 0x000000077b000000)
    CS Y    TS     0 PTAMS 0x000000077b000000 NTAMS 0x000000077b000000 space 1024K, 100% used [0x000000077b000000, 0x000000077b100000, 0x000000077b100000)
    CS Y    TS     0 PTAMS 0x000000077b100000 NTAMS 0x000000077b100000 space 1024K, 100% used [0x000000077b100000, 0x000000077b200000, 0x000000077b200000)
    CS Y    TS     0 PTAMS 0x000000077b200000 NTAMS 0x000000077b200000 space 1024K, 100% used [0x000000077b200000, 0x000000077b300000, 0x000000077b300000)
       Y    TS     0 PTAMS 0x000000077b300000 NTAMS 0x000000077b300000 space 1024K,  47% used [0x000000077b300000, 0x000000077b37a0d0, 0x000000077b400000)
          F TS     0 PTAMS 0x000000077b400000 NTAMS 0x000000077b400000 space 1024K,   0% used [0x000000077b400000, 0x000000077b400000, 0x000000077b500000)
          F TS     0 PTAMS 0x000000077b500000 NTAMS 0x000000077b500000 space 1024K,   0% used [0x000000077b500000, 0x000000077b500000, 0x000000077b600000)
          F TS     0 PTAMS 0x000000077b600000 NTAMS 0x000000077b600000 space 1024K,   0% used [0x000000077b600000, 0x000000077b600000, 0x000000077b700000)
          F TS     0 PTAMS 0x000000077b700000 NTAMS 0x000000077b700000 space 1024K,   0% used [0x000000077b700000, 0x000000077b700000, 0x000000077b800000)
          F TS     0 PTAMS 0x000000077b800000 NTAMS 0x000000077b800000 space 1024K,   0% used [0x000000077b800000, 0x000000077b800000, 0x000000077b900000)
          F TS     0 PTAMS 0x000000077b900000 NTAMS 0x000000077b900000 space 1024K,   0% used [0x000000077b900000, 0x000000077b900000, 0x000000077ba00000)
          F TS     0 PTAMS 0x000000077ba00000 NTAMS 0x000000077ba00000 space 1024K,   0% used [0x000000077ba00000, 0x000000077ba00000, 0x000000077bb00000)
          F TS     0 PTAMS 0x000000077bb00000 NTAMS 0x000000077bb00000 space 1024K,   0% used [0x000000077bb00000, 0x000000077bb00000, 0x000000077bc00000)
          F TS     0 PTAMS 0x000000077bc00000 NTAMS 0x000000077bc00000 space 1024K,   0% used [0x000000077bc00000, 0x000000077bc00000, 0x000000077bd00000)
          F TS     0 PTAMS 0x000000077bd00000 NTAMS 0x000000077bd00000 space 1024K,   0% used [0x000000077bd00000, 0x000000077bd00000, 0x000000077be00000)
          F TS     0 PTAMS 0x000000077be00000 NTAMS 0x000000077be00000 space 1024K,   0% used [0x000000077be00000, 0x000000077be00000, 0x000000077bf00000)
          F TS     0 PTAMS 0x000000077bf00000 NTAMS 0x000000077bf00000 space 1024K,   0% used [0x000000077bf00000, 0x000000077bf00000, 0x000000077c000000)
          F TS     0 PTAMS 0x000000077c000000 NTAMS 0x000000077c000000 space 1024K,   0% used [0x000000077c000000, 0x000000077c000000, 0x000000077c100000)
          F TS     0 PTAMS 0x000000077c100000 NTAMS 0x000000077c100000 space 1024K,   0% used [0x000000077c100000, 0x000000077c100000, 0x000000077c200000)
          F TS     0 PTAMS 0x000000077c200000 NTAMS 0x000000077c200000 space 1024K,   0% used [0x000000077c200000, 0x000000077c200000, 0x000000077c300000)
          F TS     0 PTAMS 0x000000077c300000 NTAMS 0x000000077c300000 space 1024K,   0% used [0x000000077c300000, 0x000000077c300000, 0x000000077c400000)
          F TS     0 PTAMS 0x000000077c400000 NTAMS 0x000000077c400000 space 1024K,   0% used [0x000000077c400000, 0x000000077c400000, 0x000000077c500000)
          F TS     0 PTAMS 0x000000077c500000 NTAMS 0x000000077c500000 space 1024K,   0% used [0x000000077c500000, 0x000000077c500000, 0x000000077c600000)
          F TS     0 PTAMS 0x000000077c600000 NTAMS 0x000000077c600000 space 1024K,   0% used [0x000000077c600000, 0x000000077c600000, 0x000000077c700000)
          F TS     0 PTAMS 0x000000077c700000 NTAMS 0x000000077c700000 space 1024K,   0% used [0x000000077c700000, 0x000000077c700000, 0x000000077c800000)
          F TS     0 PTAMS 0x000000077c800000 NTAMS 0x000000077c800000 space 1024K,   0% used [0x000000077c800000, 0x000000077c800000, 0x000000077c900000)
          F TS     0 PTAMS 0x000000077c900000 NTAMS 0x000000077c900000 space 1024K,   0% used [0x000000077c900000, 0x000000077c900000, 0x000000077ca00000)
          F TS     0 PTAMS 0x000000077ca00000 NTAMS 0x000000077ca00000 space 1024K,   0% used [0x000000077ca00000, 0x000000077ca00000, 0x000000077cb00000)
          F TS     0 PTAMS 0x000000077cb00000 NTAMS 0x000000077cb00000 space 1024K,   0% used [0x000000077cb00000, 0x000000077cb00000, 0x000000077cc00000)
          F TS     0 PTAMS 0x000000077cc00000 NTAMS 0x000000077cc00000 space 1024K,   0% used [0x000000077cc00000, 0x000000077cc00000, 0x000000077cd00000)
          F TS     0 PTAMS 0x000000077cd00000 NTAMS 0x000000077cd00000 space 1024K,   0% used [0x000000077cd00000, 0x000000077cd00000, 0x000000077ce00000)
          F TS     0 PTAMS 0x000000077ce00000 NTAMS 0x000000077ce00000 space 1024K,   0% used [0x000000077ce00000, 0x000000077ce00000, 0x000000077cf00000)
          F TS     0 PTAMS 0x000000077cf00000 NTAMS 0x000000077cf00000 space 1024K,   0% used [0x000000077cf00000, 0x000000077cf00000, 0x000000077d000000)
          F TS     0 PTAMS 0x000000077d000000 NTAMS 0x000000077d000000 space 1024K,   0% used [0x000000077d000000, 0x000000077d000000, 0x000000077d100000)
          F TS     0 PTAMS 0x000000077d100000 NTAMS 0x000000077d100000 space 1024K,   0% used [0x000000077d100000, 0x000000077d100000, 0x000000077d200000)
          F TS     0 PTAMS 0x000000077d200000 NTAMS 0x000000077d200000 space 1024K,   0% used [0x000000077d200000, 0x000000077d200000, 0x000000077d300000)
          F TS     0 PTAMS 0x000000077d300000 NTAMS 0x000000077d300000 space 1024K,   0% used [0x000000077d300000, 0x000000077d300000, 0x000000077d400000)
          F TS     0 PTAMS 0x000000077d400000 NTAMS 0x000000077d400000 space 1024K,   0% used [0x000000077d400000, 0x000000077d400000, 0x000000077d500000)
          F TS     0 PTAMS 0x000000077d500000 NTAMS 0x000000077d500000 space 1024K,   0% used [0x000000077d500000, 0x000000077d500000, 0x000000077d600000)
          F TS     0 PTAMS 0x000000077d600000 NTAMS 0x000000077d600000 space 1024K,   0% used [0x000000077d600000, 0x000000077d600000, 0x000000077d700000)
          F TS     0 PTAMS 0x000000077d700000 NTAMS 0x000000077d700000 space 1024K,   0% used [0x000000077d700000, 0x000000077d700000, 0x000000077d800000)
          F TS     0 PTAMS 0x000000077d800000 NTAMS 0x000000077d800000 space 1024K,   0% used [0x000000077d800000, 0x000000077d800000, 0x000000077d900000)
          F TS     0 PTAMS 0x000000077d900000 NTAMS 0x000000077d900000 space 1024K,   0% used [0x000000077d900000, 0x000000077d900000, 0x000000077da00000)
          F TS     0 PTAMS 0x000000077da00000 NTAMS 0x000000077da00000 space 1024K,   0% used [0x000000077da00000, 0x000000077da00000, 0x000000077db00000)
          F TS     0 PTAMS 0x000000077db00000 NTAMS 0x000000077db00000 space 1024K,   0% used [0x000000077db00000, 0x000000077db00000, 0x000000077dc00000)
          F TS     0 PTAMS 0x000000077dc00000 NTAMS 0x000000077dc00000 space 1024K,   0% used [0x000000077dc00000, 0x000000077dc00000, 0x000000077dd00000)
          F TS     0 PTAMS 0x000000077dd00000 NTAMS 0x000000077dd00000 space 1024K,   0% used [0x000000077dd00000, 0x000000077dd00000, 0x000000077de00000)
          F TS     0 PTAMS 0x000000077de00000 NTAMS 0x000000077de00000 space 1024K,   0% used [0x000000077de00000, 0x000000077de00000, 0x000000077df00000)
          F TS     0 PTAMS 0x000000077df00000 NTAMS 0x000000077df00000 space 1024K,   0% used [0x000000077df00000, 0x000000077df00000, 0x000000077e000000)
          F TS     0 PTAMS 0x000000077e000000 NTAMS 0x000000077e000000 space 1024K,   0% used [0x000000077e000000, 0x000000077e000000, 0x000000077e100000)
          F TS     0 PTAMS 0x000000077e100000 NTAMS 0x000000077e100000 space 1024K,   0% used [0x000000077e100000, 0x000000077e100000, 0x000000077e200000)
          F TS     0 PTAMS 0x000000077e200000 NTAMS 0x000000077e200000 space 1024K,   0% used [0x000000077e200000, 0x000000077e200000, 0x000000077e300000)
          F TS     0 PTAMS 0x000000077e300000 NTAMS 0x000000077e300000 space 1024K,   0% used [0x000000077e300000, 0x000000077e300000, 0x000000077e400000)
          F TS     0 PTAMS 0x000000077e400000 NTAMS 0x000000077e400000 space 1024K,   0% used [0x000000077e400000, 0x000000077e400000, 0x000000077e500000)
          F TS     0 PTAMS 0x000000077e500000 NTAMS 0x000000077e500000 space 1024K,   0% used [0x000000077e500000, 0x000000077e500000, 0x000000077e600000)
          F TS     0 PTAMS 0x000000077e600000 NTAMS 0x000000077e600000 space 1024K,   0% used [0x000000077e600000, 0x000000077e600000, 0x000000077e700000)
          F TS     0 PTAMS 0x000000077e700000 NTAMS 0x000000077e700000 space 1024K,   0% used [0x000000077e700000, 0x000000077e700000, 0x000000077e800000)
          F TS     0 PTAMS 0x000000077e800000 NTAMS 0x000000077e800000 space 1024K,   0% used [0x000000077e800000, 0x000000077e800000, 0x000000077e900000)

Card table byte_map: [0x00007f14382a1000,0x00007f14386cb000] byte_map_base: 0x00007f14346ca000

Polling page: 0x00007f143c208000

Code Cache  [0x00007f1431000000, 0x00007f1431270000, 0x00007f1434000000)
 total_blobs=374 nmethods=14 adapters=315 free_code_cache=48656Kb largest_free_block=49822272

Compilation events (10 events):
Event: 2,849 Thread 0x00007f1434131800   10             java.lang.Math::min (11 bytes)
Event: 2,849 Thread 0x00007f1434131800 nmethod 10 0x00007f1431069790 code [0x00007f14310698c0, 0x00007f14310698f8]
Event: 2,868 Thread 0x00007f1434131800   11             java.util.Properties$LineReader::readLine (452 bytes)
Event: 2,880 Thread 0x00007f1434131800 nmethod 11 0x00007f143106a410 code [0x00007f143106a5c0, 0x00007f143106ab58]
Event: 2,887 Thread 0x00007f143412f000   12 %           java.util.Properties$LineReader::readLine @ 21 (452 bytes)
Event: 2,919 Thread 0x00007f143412f000 nmethod 12% 0x00007f143106be90 code [0x00007f143106c040, 0x00007f143106c778]
Event: 2,919 Thread 0x00007f143412f000   13             java.lang.String::indexOf (166 bytes)
Event: 3,017 Thread 0x00007f143412f000 nmethod 13 0x00007f143106b5d0 code [0x00007f143106b720, 0x00007f143106bbd8]
Event: 3,331 Thread 0x00007f1434131800   14             java.lang.String::length (6 bytes)
Event: 3,332 Thread 0x00007f1434131800 nmethod 14 0x00007f143106dd90 code [0x00007f143106dec0, 0x00007f143106df38]

GC Heap History (0 events):
No events

Deoptimization events (1 events):
Event: 2,899 Thread 0x00007f143400a800 Uncommon trap: reason=unstable_if action=reinterpret pc=0x00007f143106aa6c method=java.util.Properties$LineReader.readLine()I @ 369

Internal exceptions (10 events):
Event: 3,196 Thread 0x00007f143400a800 Threw 0x000000077b202560 at /HUDSON/workspace/7u-2-build-linux-amd64/jdk7u80/2329/hotspot/src/share/vm/prims/jvm.cpp:1319
Event: 3,210 Thread 0x00007f143400a800 Threw 0x000000077b209dd8 at /HUDSON/workspace/7u-2-build-linux-amd64/jdk7u80/2329/hotspot/src/share/vm/prims/jvm.cpp:1319
Event: 3,233 Thread 0x00007f143400a800 Threw 0x000000077b213070 at /HUDSON/workspace/7u-2-build-linux-amd64/jdk7u80/2329/hotspot/src/share/vm/prims/jvm.cpp:1319
Event: 3,234 Thread 0x00007f143400a800 Threw 0x000000077b24f468 at /HUDSON/workspace/7u-2-build-linux-amd64/jdk7u80/2329/hotspot/src/share/vm/prims/jvm.cpp:1319
Event: 3,254 Thread 0x00007f143400a800 Threw 0x000000077b253020 at /HUDSON/workspace/7u-2-build-linux-amd64/jdk7u80/2329/hotspot/src/share/vm/prims/jvm.cpp:1319
Event: 3,255 Thread 0x00007f143400a800 Threw 0x000000077b256fa8 at /HUDSON/workspace/7u-2-build-linux-amd64/jdk7u80/2329/hotspot/src/share/vm/prims/jvm.cpp:1319
Event: 3,332 Thread 0x00007f143400a800 Threw 0x000000077b25cf80 at /HUDSON/workspace/7u-2-build-linux-amd64/jdk7u80/2329/hotspot/src/share/vm/prims/jvm.cpp:1319
Event: 3,341 Thread 0x00007f143400a800 Threw 0x000000077b34f5a0 at /HUDSON/workspace/7u-2-build-linux-amd64/jdk7u80/2329/hotspot/src/share/vm/prims/jvm.cpp:1319
Event: 3,482 Thread 0x00007f143400a800 Threw 0x000000077b353530 at /HUDSON/workspace/7u-2-build-linux-amd64/jdk7u80/2329/hotspot/src/share/vm/prims/jvm.cpp:1319
Event: 3,483 Thread 0x00007f143400a800 Threw 0x000000077b3568f0 at /HUDSON/workspace/7u-2-build-linux-amd64/jdk7u80/2329/hotspot/src/share/vm/prims/jvm.cpp:1319

Events (10 events):
Event: 3,584 loading class 0x00007f13dc019890 done
Event: 3,584 loading class 0x00007f13dc019960
Event: 3,584 loading class 0x00007f13dc019960 done
Event: 3,584 loading class 0x00007f13dc019920
Event: 3,584 loading class 0x00007f13dc019920 done
Event: 3,585 loading class 0x00007f13dc0198c0
Event: 3,585 loading class 0x00007f13dc0198c0 done
Event: 3,585 loading class 0x00007f13d8058210
Event: 3,585 loading class 0x00007f13d8058210 done
Event: 3,597 Thread 0x00007f143435e800 Thread added: 0x00007f143435e800


Dynamic libraries:
00400000-00401000 r-xp 00000000 08:02 1062638                            /usr/lib/jvm/java-7-oracle/bin/java
00600000-00601000 rw-p 00000000 08:02 1062638                            /usr/lib/jvm/java-7-oracle/bin/java
01923000-01944000 rw-p 00000000 00:00 0                                  [heap]
77ae00000-77e900000 rw-p 00000000 00:00 0 
77e900000-7fae00000 rw-p 00000000 00:00 0 
7fae00000-7fc200000 rw-p 00000000 00:00 0 
7fc200000-800000000 rw-p 00000000 00:00 0 
7f13c8000000-7f13c8021000 rw-p 00000000 00:00 0 
7f13c8021000-7f13cc000000 ---p 00000000 00:00 0 
7f13d0000000-7f13d0021000 rw-p 00000000 00:00 0 
7f13d0021000-7f13d4000000 ---p 00000000 00:00 0 
7f13d4000000-7f13d4021000 rw-p 00000000 00:00 0 
7f13d4021000-7f13d8000000 ---p 00000000 00:00 0 
7f13d8000000-7f13d80b4000 rw-p 00000000 00:00 0 
7f13d80b4000-7f13dc000000 ---p 00000000 00:00 0 
7f13dc000000-7f13dc0c5000 rw-p 00000000 00:00 0 
7f13dc0c5000-7f13e0000000 ---p 00000000 00:00 0 
7f13e0000000-7f13e0021000 rw-p 00000000 00:00 0 
7f13e0021000-7f13e4000000 ---p 00000000 00:00 0 
7f13e4000000-7f13e4021000 rw-p 00000000 00:00 0 
7f13e4021000-7f13e8000000 ---p 00000000 00:00 0 
7f13e8000000-7f13e8021000 rw-p 00000000 00:00 0 
7f13e8021000-7f13ec000000 ---p 00000000 00:00 0 
7f13ec000000-7f13ec021000 rw-p 00000000 00:00 0 
7f13ec021000-7f13f0000000 ---p 00000000 00:00 0 
7f13f0000000-7f13f0021000 rw-p 00000000 00:00 0 
7f13f0021000-7f13f4000000 ---p 00000000 00:00 0 
7f13f4000000-7f13f4021000 rw-p 00000000 00:00 0 
7f13f4021000-7f13f8000000 ---p 00000000 00:00 0 
7f13f8000000-7f13f8021000 rw-p 00000000 00:00 0 
7f13f8021000-7f13fc000000 ---p 00000000 00:00 0 
7f13fdb78000-7f13fdbea000 r-xp 00000000 08:06 3691407                    /home/truongtechno/.smartgit/7/swt.tmp/libswt-pi-gtk-4527.so (deleted)
7f13fdbea000-7f13fddea000 ---p 00072000 08:06 3691407                    /home/truongtechno/.smartgit/7/swt.tmp/libswt-pi-gtk-4527.so (deleted)
7f13fddea000-7f13fdded000 rw-p 00072000 08:06 3691407                    /home/truongtechno/.smartgit/7/swt.tmp/libswt-pi-gtk-4527.so (deleted)
7f13fdded000-7f13fddef000 r-xp 00275000 08:06 3691407                    /home/truongtechno/.smartgit/7/swt.tmp/libswt-pi-gtk-4527.so (deleted)
7f13fddef000-7f13fde6d000 r-xp 00000000 08:06 3691404                    /home/truongtechno/.smartgit/7/swt.tmp/libswt-gtk-4527.so (deleted)
7f13fde6d000-7f13fe06c000 ---p 0007e000 08:06 3691404                    /home/truongtechno/.smartgit/7/swt.tmp/libswt-gtk-4527.so (deleted)
7f13fe06c000-7f13fe074000 rw-p 0007d000 08:06 3691404                    /home/truongtechno/.smartgit/7/swt.tmp/libswt-gtk-4527.so (deleted)
7f13fe074000-7f13fe076000 rw-p 00000000 00:00 0 
7f13fe076000-7f13fe079000 ---p 00000000 00:00 0 
7f13fe079000-7f13fe0af000 rw-p 00000000 00:00 0                          [stack:7381]
7f13fe0af000-7f13fe0c4000 r--s 005ed000 08:02 927892                     /usr/share/smartgit/lib/org.eclipse.swt.gtk.linux.x86_64.jar
7f13fe0c4000-7f13fe0cc000 r-xp 00000000 08:02 281077                     /usr/lib/jvm/java-7-oracle/jre/lib/amd64/libmanagement.so
7f13fe0cc000-7f13fe2cb000 ---p 00008000 08:02 281077                     /usr/lib/jvm/java-7-oracle/jre/lib/amd64/libmanagement.so
7f13fe2cb000-7f13fe2cc000 rw-p 00007000 08:02 281077                     /usr/lib/jvm/java-7-oracle/jre/lib/amd64/libmanagement.so
7f13fe2cc000-7f13fe33f000 r--s 00ce4000 08:02 927879                     /usr/share/smartgit/lib/smartgit.jar
7f13fe33f000-7f13fe34f000 r-xp 00000000 08:02 281078                     /usr/lib/jvm/java-7-oracle/jre/lib/amd64/libnio.so
7f13fe34f000-7f13fe54f000 ---p 00010000 08:02 281078                     /usr/lib/jvm/java-7-oracle/jre/lib/amd64/libnio.so
7f13fe54f000-7f13fe550000 rw-p 00010000 08:02 281078                     /usr/lib/jvm/java-7-oracle/jre/lib/amd64/libnio.so
7f13fe550000-7f13fe567000 r-xp 00000000 08:02 281047                     /usr/lib/jvm/java-7-oracle/jre/lib/amd64/libnet.so
7f13fe567000-7f13fe766000 ---p 00017000 08:02 281047                     /usr/lib/jvm/java-7-oracle/jre/lib/amd64/libnet.so
7f13fe766000-7f13fe767000 rw-p 00016000 08:02 281047                     /usr/lib/jvm/java-7-oracle/jre/lib/amd64/libnet.so
7f13fe767000-7f13fe768000 ---p 00000000 00:00 0 
7f13fe768000-7f13fe868000 rw-p 00000000 00:00 0                          [stack:6940]
7f13fe868000-7f13fe86b000 ---p 00000000 00:00 0 
7f13fe86b000-7f13fe969000 rw-p 00000000 00:00 0                          [stack:6939]
7f13fe969000-7f13fe96c000 ---p 00000000 00:00 0 
7f13fe96c000-7f13fea6a000 rw-p 00000000 00:00 0                          [stack:6938]
7f13fea6a000-7f13fea6d000 ---p 00000000 00:00 0 
7f13fea6d000-7f13feb6b000 rw-p 00000000 00:00 0                          [stack:6937]
7f13feb6b000-7f13feb6e000 ---p 00000000 00:00 0 
7f13feb6e000-7f13fec6c000 rw-p 00000000 00:00 0                          [stack:6936]
7f13fec6c000-7f13fec6f000 ---p 00000000 00:00 0 
7f13fec6f000-7f13fed6d000 rw-p 00000000 00:00 0                          [stack:6935]
7f13fed6d000-7f13ff8aa000 r--p 00000000 08:02 266059                     /usr/lib/locale/locale-archive
7f13ff8aa000-7f13ff8ad000 ---p 00000000 00:00 0 
7f13ff8ad000-7f13ff9ab000 rw-p 00000000 00:00 0                          [stack:6882]
7f13ff9ab000-7f13ff9ae000 ---p 00000000 00:00 0 
7f13ff9ae000-7f13ffaac000 rw-p 00000000 00:00 0                          [stack:6870]
7f13ffaac000-7f13ffaad000 ---p 00000000 00:00 0 
7f13ffaad000-7f13ffbad000 rw-p 00000000 00:00 0                          [stack:6857]
7f13ffbad000-7f13ffd6d000 r--s 039fb000 08:02 281112                     /usr/lib/jvm/java-7-oracle/jre/lib/rt.jar
7f13ffd6d000-7f140c000000 rw-p 00000000 00:00 0 
7f140c000000-7f140c021000 rw-p 00000000 00:00 0 
7f140c021000-7f1410000000 ---p 00000000 00:00 0 
7f1410000000-7f1410021000 rw-p 00000000 00:00 0 
7f1410021000-7f1414000000 ---p 00000000 00:00 0 
7f1414000000-7f1414021000 rw-p 00000000 00:00 0 
7f1414021000-7f1418000000 ---p 00000000 00:00 0 
7f1418000000-7f1418021000 rw-p 00000000 00:00 0 
7f1418021000-7f141c000000 ---p 00000000 00:00 0 
7f141c000000-7f141c021000 rw-p 00000000 00:00 0 
7f141c021000-7f1420000000 ---p 00000000 00:00 0 
7f1420000000-7f1420021000 rw-p 00000000 00:00 0 
7f1420021000-7f1424000000 ---p 00000000 00:00 0 
7f1424000000-7f1424021000 rw-p 00000000 00:00 0 
7f1424021000-7f1428000000 ---p 00000000 00:00 0 
7f1428000000-7f1428021000 rw-p 00000000 00:00 0 
7f1428021000-7f142c000000 ---p 00000000 00:00 0 
7f142c000000-7f142c021000 rw-p 00000000 00:00 0 
7f142c021000-7f1430000000 ---p 00000000 00:00 0 
7f1430005000-7f1430006000 rw-p 00000000 00:00 0 
7f1430006000-7f143000a000 r--s 0008b000 08:02 280961                     /usr/lib/jvm/java-7-oracle/jre/lib/jsse.jar
7f143000a000-7f143000b000 r--s 00000000 08:02 927889                     /usr/share/smartgit/lib/hg4j.jar
7f143000b000-7f1430041000 r--s 00961000 08:02 927872                     /usr/share/smartgit/lib/svnkit.jar
7f1430041000-7f1430043000 r--s 00026000 08:02 927883                     /usr/share/smartgit/lib/pegdown.jar
7f1430043000-7f1430064000 r--s 003e8000 08:02 927878                     /usr/share/smartgit/lib/jgit.jar
7f1430064000-7f1430066000 r--s 0002d000 08:02 927874                     /usr/share/smartgit/lib/java-prettify.jar
7f1430066000-7f1430068000 r--s 00013000 08:02 927884                     /usr/share/smartgit/lib/parboiled-java-1.1.6.jar
7f1430068000-7f143006d000 r--s 00029000 08:02 927888                     /usr/share/smartgit/lib/parboiled-core-1.1.6.jar
7f143006d000-7f143007e000 r--s 00155000 08:02 927890                     /usr/share/smartgit/lib/platform.jar
7f143007e000-7f143013f000 rw-p 00000000 00:00 0 
7f143013f000-7f1430140000 ---p 00000000 00:00 0 
7f1430140000-7f14307f4000 rw-p 00000000 00:00 0                          [stack:6781]
7f14307f4000-7f1430c00000 rw-p 00000000 00:00 0 
7f1430c00000-7f1430c1e000 rw-p 00000000 00:00 0 
7f1430c1e000-7f1431000000 rw-p 00000000 00:00 0 
7f1431000000-7f1431270000 rwxp 00000000 00:00 0 
7f1431270000-7f1434380000 rw-p 00000000 00:00 0 
7f1434380000-7f1438000000 ---p 00000000 00:00 0 
7f1438000000-7f1438004000 r--s 00030000 08:02 927873                     /usr/share/smartgit/lib/asm-all-4.0.jar
7f1438004000-7f1438006000 r--s 0000b000 08:02 927886                     /usr/share/smartgit/lib/jopt-simple-3.2.jar
7f1438006000-7f143800d000 r--s 00059000 08:02 927894                     /usr/share/smartgit/lib/log4j.jar
7f143800d000-7f143800f000 r--s 00001000 08:02 927877                     /usr/share/smartgit/lib/slf4j-log4j12.jar
7f143800f000-7f14380f0000 rw-p 00000000 00:00 0 
7f14380f0000-7f14380f1000 ---p 00000000 00:00 0 
7f14380f1000-7f1438282000 rw-p 00000000 00:00 0                          [stack:6754]
7f1438282000-7f14382a1000 rw-p 00000000 00:00 0 
7f14382a1000-7f14382bf000 rw-p 00000000 00:00 0 
7f14382bf000-7f14386a1000 rw-p 00000000 00:00 0 
7f14386a1000-7f14386ab000 rw-p 00000000 00:00 0 
7f14386ab000-7f14386ca000 rw-p 00000000 00:00 0 
7f14386ca000-7f14386cb000 rw-p 00000000 00:00 0 
7f14386cb000-7f14386cc000 ---p 00000000 00:00 0 
7f14386cc000-7f14387cc000 rw-p 00000000 00:00 0                          [stack:6694]
7f14387cc000-7f14387cd000 ---p 00000000 00:00 0 
7f14387cd000-7f14388cd000 rw-p 00000000 00:00 0                          [stack:6692]
7f14388cd000-7f14388ce000 ---p 00000000 00:00 0 
7f14388ce000-7f14389ce000 rw-p 00000000 00:00 0                          [stack:6690]
7f14389ce000-7f14389cf000 ---p 00000000 00:00 0 
7f14389cf000-7f1438acf000 rw-p 00000000 00:00 0                          [stack:6688]
7f1438acf000-7f1438ad0000 ---p 00000000 00:00 0 
7f1438ad0000-7f1438fd4000 rw-p 00000000 00:00 0                          [stack:6685]
7f1438fd4000-7f1438fd5000 ---p 00000000 00:00 0 
7f1438fd5000-7f14390d5000 rw-p 00000000 00:00 0                          [stack:6681]
7f14390d5000-7f14390d6000 ---p 00000000 00:00 0 
7f14390d6000-7f14391d6000 rw-p 00000000 00:00 0                          [stack:6676]
7f14391d6000-7f14391d7000 ---p 00000000 00:00 0 
7f14391d7000-7f14392d7000 rw-p 00000000 00:00 0                          [stack:6665]
7f14392d7000-7f14392d8000 ---p 00000000 00:00 0 
7f14392d8000-7f14393d8000 rw-p 00000000 00:00 0                          [stack:6657]
7f14393d8000-7f14393ef000 r-xp 00000000 08:02 281042                     /usr/lib/jvm/java-7-oracle/jre/lib/amd64/libzip.so
7f14393ef000-7f14395ef000 ---p 00017000 08:02 281042                     /usr/lib/jvm/java-7-oracle/jre/lib/amd64/libzip.so
7f14395ef000-7f14395f0000 rw-p 00017000 08:02 281042                     /usr/lib/jvm/java-7-oracle/jre/lib/amd64/libzip.so
7f14395f0000-7f14395fb000 r-xp 00000000 08:02 1044794                    /lib/x86_64-linux-gnu/libnss_files-2.19.so
7f14395fb000-7f14397fa000 ---p 0000b000 08:02 1044794                    /lib/x86_64-linux-gnu/libnss_files-2.19.so
7f14397fa000-7f14397fb000 r--p 0000a000 08:02 1044794                    /lib/x86_64-linux-gnu/libnss_files-2.19.so
7f14397fb000-7f14397fc000 rw-p 0000b000 08:02 1044794                    /lib/x86_64-linux-gnu/libnss_files-2.19.so
7f14397fc000-7f1439807000 r-xp 00000000 08:02 1044786                    /lib/x86_64-linux-gnu/libnss_nis-2.19.so
7f1439807000-7f1439a06000 ---p 0000b000 08:02 1044786                    /lib/x86_64-linux-gnu/libnss_nis-2.19.so
7f1439a06000-7f1439a07000 r--p 0000a000 08:02 1044786                    /lib/x86_64-linux-gnu/libnss_nis-2.19.so
7f1439a07000-7f1439a08000 rw-p 0000b000 08:02 1044786                    /lib/x86_64-linux-gnu/libnss_nis-2.19.so
7f1439a08000-7f1439a1f000 r-xp 00000000 08:02 1044782                    /lib/x86_64-linux-gnu/libnsl-2.19.so
7f1439a1f000-7f1439c1e000 ---p 00017000 08:02 1044782                    /lib/x86_64-linux-gnu/libnsl-2.19.so
7f1439c1e000-7f1439c1f000 r--p 00016000 08:02 1044782                    /lib/x86_64-linux-gnu/libnsl-2.19.so
7f1439c1f000-7f1439c20000 rw-p 00017000 08:02 1044782                    /lib/x86_64-linux-gnu/libnsl-2.19.so
7f1439c20000-7f1439c22000 rw-p 00000000 00:00 0 
7f1439c22000-7f1439c2b000 r-xp 00000000 08:02 1044781                    /lib/x86_64-linux-gnu/libnss_compat-2.19.so
7f1439c2b000-7f1439e2a000 ---p 00009000 08:02 1044781                    /lib/x86_64-linux-gnu/libnss_compat-2.19.so
7f1439e2a000-7f1439e2b000 r--p 00008000 08:02 1044781                    /lib/x86_64-linux-gnu/libnss_compat-2.19.so
7f1439e2b000-7f1439e2c000 rw-p 00009000 08:02 1044781                    /lib/x86_64-linux-gnu/libnss_compat-2.19.so
7f1439e2c000-7f1439e55000 r-xp 00000000 08:02 281059                     /usr/lib/jvm/java-7-oracle/jre/lib/amd64/libjava.so
7f1439e55000-7f143a055000 ---p 00029000 08:02 281059                     /usr/lib/jvm/java-7-oracle/jre/lib/amd64/libjava.so
7f143a055000-7f143a057000 rw-p 00029000 08:02 281059                     /usr/lib/jvm/java-7-oracle/jre/lib/amd64/libjava.so
7f143a057000-7f143a064000 r-xp 00000000 08:02 281040                     /usr/lib/jvm/java-7-oracle/jre/lib/amd64/libverify.so
7f143a064000-7f143a263000 ---p 0000d000 08:02 281040                     /usr/lib/jvm/java-7-oracle/jre/lib/amd64/libverify.so
7f143a263000-7f143a265000 rw-p 0000c000 08:02 281040                     /usr/lib/jvm/java-7-oracle/jre/lib/amd64/libverify.so
7f143a265000-7f143a26c000 r-xp 00000000 08:02 1044790                    /lib/x86_64-linux-gnu/librt-2.19.so
7f143a26c000-7f143a46b000 ---p 00007000 08:02 1044790                    /lib/x86_64-linux-gnu/librt-2.19.so
7f143a46b000-7f143a46c000 r--p 00006000 08:02 1044790                    /lib/x86_64-linux-gnu/librt-2.19.so
7f143a46c000-7f143a46d000 rw-p 00007000 08:02 1044790                    /lib/x86_64-linux-gnu/librt-2.19.so
7f143a46d000-7f143a572000 r-xp 00000000 08:02 1044776                    /lib/x86_64-linux-gnu/libm-2.19.so
7f143a572000-7f143a771000 ---p 00105000 08:02 1044776                    /lib/x86_64-linux-gnu/libm-2.19.so
7f143a771000-7f143a772000 r--p 00104000 08:02 1044776                    /lib/x86_64-linux-gnu/libm-2.19.so
7f143a772000-7f143a773000 rw-p 00105000 08:02 1044776                    /lib/x86_64-linux-gnu/libm-2.19.so
7f143a773000-7f143b2e9000 r-xp 00000000 08:02 281027                     /usr/lib/jvm/java-7-oracle/jre/lib/amd64/server/libjvm.so
7f143b2e9000-7f143b4e8000 ---p 00b76000 08:02 281027                     /usr/lib/jvm/java-7-oracle/jre/lib/amd64/server/libjvm.so
7f143b4e8000-7f143b5ac000 rw-p 00b75000 08:02 281027                     /usr/lib/jvm/java-7-oracle/jre/lib/amd64/server/libjvm.so
7f143b5ac000-7f143b5ed000 rw-p 00000000 00:00 0 
7f143b5ed000-7f143b7a8000 r-xp 00000000 08:02 1044791                    /lib/x86_64-linux-gnu/libc-2.19.so
7f143b7a8000-7f143b9a7000 ---p 001bb000 08:02 1044791                    /lib/x86_64-linux-gnu/libc-2.19.so
7f143b9a7000-7f143b9ab000 r--p 001ba000 08:02 1044791                    /lib/x86_64-linux-gnu/libc-2.19.so
7f143b9ab000-7f143b9ad000 rw-p 001be000 08:02 1044791                    /lib/x86_64-linux-gnu/libc-2.19.so
7f143b9ad000-7f143b9b2000 rw-p 00000000 00:00 0 
7f143b9b2000-7f143b9b5000 r-xp 00000000 08:02 1044778                    /lib/x86_64-linux-gnu/libdl-2.19.so
7f143b9b5000-7f143bbb4000 ---p 00003000 08:02 1044778                    /lib/x86_64-linux-gnu/libdl-2.19.so
7f143bbb4000-7f143bbb5000 r--p 00002000 08:02 1044778                    /lib/x86_64-linux-gnu/libdl-2.19.so
7f143bbb5000-7f143bbb6000 rw-p 00003000 08:02 1044778                    /lib/x86_64-linux-gnu/libdl-2.19.so
7f143bbb6000-7f143bbcb000 r-xp 00000000 08:02 5946                       /usr/lib/jvm/java-7-oracle/lib/amd64/jli/libjli.so
7f143bbcb000-7f143bdca000 ---p 00015000 08:02 5946                       /usr/lib/jvm/java-7-oracle/lib/amd64/jli/libjli.so
7f143bdca000-7f143bdcb000 rw-p 00014000 08:02 5946                       /usr/lib/jvm/java-7-oracle/lib/amd64/jli/libjli.so
7f143bdcb000-7f143bde4000 r-xp 00000000 08:02 1044783                    /lib/x86_64-linux-gnu/libpthread-2.19.so
7f143bde4000-7f143bfe3000 ---p 00019000 08:02 1044783                    /lib/x86_64-linux-gnu/libpthread-2.19.so
7f143bfe3000-7f143bfe4000 r--p 00018000 08:02 1044783                    /lib/x86_64-linux-gnu/libpthread-2.19.so
7f143bfe4000-7f143bfe5000 rw-p 00019000 08:02 1044783                    /lib/x86_64-linux-gnu/libpthread-2.19.so
7f143bfe5000-7f143bfe9000 rw-p 00000000 00:00 0 
7f143bfe9000-7f143c00c000 r-xp 00000000 08:02 1044784                    /lib/x86_64-linux-gnu/ld-2.19.so
7f143c00c000-7f143c00d000 r--s 00003000 08:02 927895                     /usr/share/smartgit/lib/json_simple-1.1.jar
7f143c00d000-7f143c011000 r--s 0001c000 08:02 927900                     /usr/share/smartgit/lib/javaewah.jar
7f143c011000-7f143c015000 r--s 0006e000 08:02 927882                     /usr/share/smartgit/lib/trilead.jar
7f143c015000-7f143c019000 r--s 000dc000 08:02 927891                     /usr/share/smartgit/lib/jna.jar
7f143c019000-7f143c028000 r--s 000ab000 08:02 927898                     /usr/share/smartgit/lib/sqljet.jar
7f143c028000-7f143c032000 rw-p 00000000 00:00 0 
7f143c032000-7f143c0e8000 rw-p 00000000 00:00 0 
7f143c0e8000-7f143c0eb000 ---p 00000000 00:00 0 
7f143c0eb000-7f143c1ed000 rw-p 00000000 00:00 0                          [stack:6642]
7f143c1ed000-7f143c1ee000 r--s 00007000 08:02 927899                     /usr/share/smartgit/lib/slf4j-api.jar
7f143c1ee000-7f143c1f5000 r--s 0004a000 08:02 927896                     /usr/share/smartgit/lib/svnkit-javahl16.jar
7f143c1f5000-7f143c1f8000 r--s 0000f000 08:02 927897                     /usr/share/smartgit/lib/sequence-library.jar
7f143c1f8000-7f143c1fc000 r--s 00025000 08:02 927881                     /usr/share/smartgit/lib/antlr-runtime.jar
7f143c1fc000-7f143c1fd000 r--s 00000000 08:02 927885                     /usr/share/smartgit/lib/bootloader-config.jar
7f143c1fd000-7f143c1ff000 r--s 00011000 08:02 927871                     /usr/share/smartgit/lib/bootloader.jar
7f143c1ff000-7f143c207000 rw-s 00000000 08:02 1046573                    /tmp/hsperfdata_truongtechno/6627
7f143c207000-7f143c208000 rw-p 00000000 00:00 0 
7f143c208000-7f143c209000 r--p 00000000 00:00 0 
7f143c209000-7f143c20b000 rw-p 00000000 00:00 0 
7f143c20b000-7f143c20c000 r--p 00022000 08:02 1044784                    /lib/x86_64-linux-gnu/ld-2.19.so
7f143c20c000-7f143c20d000 rw-p 00023000 08:02 1044784                    /lib/x86_64-linux-gnu/ld-2.19.so
7f143c20d000-7f143c20e000 rw-p 00000000 00:00 0 
7ffd104a4000-7ffd104c5000 rw-p 00000000 00:00 0                          [stack]
7ffd1051c000-7ffd1051e000 r-xp 00000000 00:00 0                          [vdso]
ffffffffff600000-ffffffffff601000 r-xp 00000000 00:00 0                  [vsyscall]

VM Arguments:
jvm_args: -XX:+UseG1GC -XX:MaxGCPauseMillis=100 -XX:InitiatingHeapOccupancyPercent=25 -Xmx2048m -Xverify:none -Dsun.io.useCanonCaches=false 
java_command: /usr/share/smartgit/lib/bootloader.jar
Launcher Type: SUN_STANDARD

Environment Variables:
JAVA_HOME=/usr/lib/jvm/java-7-oracle
PATH=/usr/local/sbin:/usr/local/bin:/usr/sbin:/usr/bin:/sbin:/bin:/usr/games:/usr/local/games:/usr/lib/jvm/java-7-oracle/bin:/usr/lib/jvm/java-7-oracle/db/bin:/usr/lib/jvm/java-7-oracle/jre/bin
LD_LIBRARY_PATH=:/usr/lib/gnome-private/lib
SHELL=/bin/bash
DISPLAY=:0.0

Signal Handlers:
SIGSEGV: [libjvm.so+0x9a3b20], sa_mask[0]=0x7ffbfeff, sa_flags=0x10000004
SIGBUS: [libjvm.so+0x9a3b20], sa_mask[0]=0x7ffbfeff, sa_flags=0x10000004
SIGFPE: [libjvm.so+0x81e740], sa_mask[0]=0x7ffbfeff, sa_flags=0x10000004
SIGPIPE: [libjvm.so+0x81e740], sa_mask[0]=0x7ffbfeff, sa_flags=0x10000004
SIGXFSZ: [libjvm.so+0x81e740], sa_mask[0]=0x7ffbfeff, sa_flags=0x10000004
SIGILL: [libjvm.so+0x81e740], sa_mask[0]=0x7ffbfeff, sa_flags=0x10000004
SIGUSR1: SIG_DFL, sa_mask[0]=0x00000000, sa_flags=0x00000000
SIGUSR2: [libjvm.so+0x81ffb0], sa_mask[0]=0x00000000, sa_flags=0x10000004
SIGHUP: [libjvm.so+0x8210d0], sa_mask[0]=0x7ffbfeff, sa_flags=0x10000004
SIGINT: [libjvm.so+0x8210d0], sa_mask[0]=0x7ffbfeff, sa_flags=0x10000004
SIGTERM: [libjvm.so+0x8210d0], sa_mask[0]=0x7ffbfeff, sa_flags=0x10000004
SIGQUIT: [libjvm.so+0x8210d0], sa_mask[0]=0x7ffbfeff, sa_flags=0x10000004


---------------  S Y S T E M  ---------------

OS:jessie/sid

uname:Linux 3.13.0-77-generic #121-Ubuntu SMP Wed Jan 20 10:50:42 UTC 2016 x86_64
libc:glibc 2.19 NPTL 2.19 
rlimit: STACK 8192k, CORE 0k, NPROC 29789, NOFILE 4096, AS infinity
load average:2,91 0,74 0,39

/proc/meminfo:
MemTotal:        3834648 kB
MemFree:          281204 kB
Buffers:           28116 kB
Cached:          1013508 kB
SwapCached:          868 kB
Active:          2323200 kB
Inactive:         947996 kB
Active(anon):    2020456 kB
Inactive(anon):   653456 kB
Active(file):     302744 kB
Inactive(file):   294540 kB
Unevictable:         356 kB
Mlocked:             356 kB
SwapTotal:       4193276 kB
SwapFree:        4190808 kB
Dirty:              1856 kB
Writeback:             0 kB
AnonPages:       2229244 kB
Mapped:           496592 kB
Shmem:            444328 kB
Slab:             163220 kB
SReclaimable:     123536 kB
SUnreclaim:        39684 kB
KernelStack:        7944 kB
PageTables:        56040 kB
NFS_Unstable:          0 kB
Bounce:                0 kB
WritebackTmp:          0 kB
CommitLimit:     6110600 kB
Committed_AS:   12471292 kB
VmallocTotal:   34359738367 kB
VmallocUsed:      348552 kB
VmallocChunk:   34359381980 kB
HardwareCorrupted:     0 kB
AnonHugePages:    700416 kB
HugePages_Total:       0
HugePages_Free:        0
HugePages_Rsvd:        0
HugePages_Surp:        0
Hugepagesize:       2048 kB
DirectMap4k:       83996 kB
DirectMap2M:     3895296 kB


CPU:total 4 (2 cores per cpu, 2 threads per core) family 6 model 37 stepping 5, cmov, cx8, fxsr, mmx, sse, sse2, sse3, ssse3, sse4.1, sse4.2, popcnt, ht, tsc, tscinvbit

/proc/cpuinfo:
processor	: 0
vendor_id	: GenuineIntel
cpu family	: 6
model		: 37
model name	: Intel(R) Core(TM) i3 CPU       M 370  @ 2.40GHz
stepping	: 5
microcode	: 0x2
cpu MHz		: 2399.000
cache size	: 3072 KB
physical id	: 0
siblings	: 4
core id		: 0
cpu cores	: 2
apicid		: 0
initial apicid	: 0
fpu		: yes
fpu_exception	: yes
cpuid level	: 11
wp		: yes
flags		: fpu vme de pse tsc msr pae mce cx8 apic sep mtrr pge mca cmov pat pse36 clflush dts acpi mmx fxsr sse sse2 ss ht tm pbe syscall nx rdtscp lm constant_tsc arch_perfmon pebs bts rep_good nopl xtopology nonstop_tsc aperfmperf pni dtes64 monitor ds_cpl vmx est tm2 ssse3 cx16 xtpr pdcm pcid sse4_1 sse4_2 popcnt lahf_lm arat dtherm tpr_shadow vnmi flexpriority ept vpid
bogomips	: 4787.60
clflush size	: 64
cache_alignment	: 64
address sizes	: 36 bits physical, 48 bits virtual
power management:

processor	: 1
vendor_id	: GenuineIntel
cpu family	: 6
model		: 37
model name	: Intel(R) Core(TM) i3 CPU       M 370  @ 2.40GHz
stepping	: 5
microcode	: 0x2
cpu MHz		: 2399.000
cache size	: 3072 KB
physical id	: 0
siblings	: 4
core id		: 2
cpu cores	: 2
apicid		: 4
initial apicid	: 4
fpu		: yes
fpu_exception	: yes
cpuid level	: 11
wp		: yes
flags		: fpu vme de pse tsc msr pae mce cx8 apic sep mtrr pge mca cmov pat pse36 clflush dts acpi mmx fxsr sse sse2 ss ht tm pbe syscall nx rdtscp lm constant_tsc arch_perfmon pebs bts rep_good nopl xtopology nonstop_tsc aperfmperf pni dtes64 monitor ds_cpl vmx est tm2 ssse3 cx16 xtpr pdcm pcid sse4_1 sse4_2 popcnt lahf_lm arat dtherm tpr_shadow vnmi flexpriority ept vpid
bogomips	: 4787.60
clflush size	: 64
cache_alignment	: 64
address sizes	: 36 bits physical, 48 bits virtual
power management:

processor	: 2
vendor_id	: GenuineIntel
cpu family	: 6
model		: 37
model name	: Intel(R) Core(TM) i3 CPU       M 370  @ 2.40GHz
stepping	: 5
microcode	: 0x2
cpu MHz		: 2399.000
cache size	: 3072 KB
physical id	: 0
siblings	: 4
core id		: 0
cpu cores	: 2
apicid		: 1
initial apicid	: 1
fpu		: yes
fpu_exception	: yes
cpuid level	: 11
wp		: yes
flags		: fpu vme de pse tsc msr pae mce cx8 apic sep mtrr pge mca cmov pat pse36 clflush dts acpi mmx fxsr sse sse2 ss ht tm pbe syscall nx rdtscp lm constant_tsc arch_perfmon pebs bts rep_good nopl xtopology nonstop_tsc aperfmperf pni dtes64 monitor ds_cpl vmx est tm2 ssse3 cx16 xtpr pdcm pcid sse4_1 sse4_2 popcnt lahf_lm arat dtherm tpr_shadow vnmi flexpriority ept vpid
bogomips	: 4787.60
clflush size	: 64
cache_alignment	: 64
address sizes	: 36 bits physical, 48 bits virtual
power management:

processor	: 3
vendor_id	: GenuineIntel
cpu family	: 6
model		: 37
model name	: Intel(R) Core(TM) i3 CPU       M 370  @ 2.40GHz
stepping	: 5
microcode	: 0x2
cpu MHz		: 2399.000
cache size	: 3072 KB
physical id	: 0
siblings	: 4
core id		: 2
cpu cores	: 2
apicid		: 5
initial apicid	: 5
fpu		: yes
fpu_exception	: yes
cpuid level	: 11
wp		: yes
flags		: fpu vme de pse tsc msr pae mce cx8 apic sep mtrr pge mca cmov pat pse36 clflush dts acpi mmx fxsr sse sse2 ss ht tm pbe syscall nx rdtscp lm constant_tsc arch_perfmon pebs bts rep_good nopl xtopology nonstop_tsc aperfmperf pni dtes64 monitor ds_cpl vmx est tm2 ssse3 cx16 xtpr pdcm pcid sse4_1 sse4_2 popcnt lahf_lm arat dtherm tpr_shadow vnmi flexpriority ept vpid
bogomips	: 4787.60
clflush size	: 64
cache_alignment	: 64
address sizes	: 36 bits physical, 48 bits virtual
power management:



Memory: 4k page, physical 3834648k(281084k free), swap 4193276k(4190808k free)

vm_info: Java HotSpot(TM) 64-Bit Server VM (24.80-b11) for linux-amd64 JRE (1.7.0_80-b15), built on Apr 10 2015 19:53:14 by "java_re" with gcc 4.3.0 20080428 (Red Hat 4.3.0-8)

time: Sat Feb 27 16:08:38 2016
elapsed time: 3 seconds

